  hw4.cpp
D:\Program Files\opencv\build\include\opencv2\calib3d.hpp(1,1): warning C4819: The file contains a character that cannot be represented in the current code page (950). Save the file in Unicode format to prevent data loss
D:\Repos\C++\ADIP_Homeworks\HW4\HW4\hw4.cpp(97,9): warning C4101: 'newPosition': unreferenced local variable
D:\Repos\C++\ADIP_Homeworks\HW4\HW4\hw4.cpp(119,21): warning C4804: '<': unsafe use of type 'bool' in operation
D:\Repos\C++\ADIP_Homeworks\HW4\HW4\hw4.cpp(142,25): warning C4244: '=': conversion from 'float' to '_Ty', possible loss of data
          with
          [
              _Ty=int
          ]
D:\Repos\C++\ADIP_Homeworks\HW4\HW4\hw4.cpp(160,10): warning C4244: 'initializing': conversion from 'float' to 'int', possible loss of data
D:\Repos\C++\ADIP_Homeworks\HW4\HW4\hw4.cpp(191,16): warning C4244: 'initializing': conversion from 'float' to 'int', possible loss of data
D:\Repos\C++\ADIP_Homeworks\HW4\HW4\hw4.cpp(199,17): warning C4244: 'initializing': conversion from 'float' to 'int', possible loss of data
D:\Repos\C++\ADIP_Homeworks\HW4\HW4\hw4.cpp(223,8): warning C4244: 'initializing': conversion from 'float' to 'int', possible loss of data
D:\Repos\C++\ADIP_Homeworks\HW4\HW4\hw4.cpp(228,45): warning C4244: '=': conversion from 'double' to '_Ty', possible loss of data
          with
          [
              _Ty=float
          ]
D:\Repos\C++\ADIP_Homeworks\HW4\HW4\hw4.cpp(236,21): warning C4244: '/=': conversion from 'double' to '_Ty', possible loss of data
          with
          [
              _Ty=float
          ]
D:\Repos\C++\ADIP_Homeworks\HW4\HW4\hw4.cpp(251,10): warning C4244: 'initializing': conversion from 'float' to 'int', possible loss of data
D:\Repos\C++\ADIP_Homeworks\HW4\HW4\hw4.cpp(268,21): warning C4244: '=': conversion from 'float' to 'unsigned char', possible loss of data
D:\Repos\C++\ADIP_Homeworks\HW4\HW4\hw4.cpp(319,17): warning C4244: 'initializing': conversion from 'double' to 'int', possible loss of data
D:\Repos\C++\ADIP_Homeworks\HW4\HW4\hw4.cpp(330,60): warning C4244: '+=': conversion from '_Ty' to 'int', possible loss of data
          with
          [
              _Ty=float
          ]
D:\Repos\C++\ADIP_Homeworks\HW4\HW4\hw4.cpp(382,15): warning C4244: '=': conversion from 'float' to 'unsigned char', possible loss of data
D:\Repos\C++\ADIP_Homeworks\HW4\HW4\hw4.cpp(408,15): warning C4244: '=': conversion from 'float' to 'unsigned char', possible loss of data
D:\Repos\C++\ADIP_Homeworks\HW4\HW4\hw4.cpp(416,21): warning C4244: '=': conversion from 'float' to 'unsigned char', possible loss of data
D:\Repos\C++\ADIP_Homeworks\HW4\HW4\hw4.cpp(431,63): warning C4244: '=': conversion from 'float' to 'unsigned char', possible loss of data
D:\Repos\C++\ADIP_Homeworks\HW4\HW4\hw4.cpp(444,31): warning C4244: '=': conversion from 'double' to 'unsigned char', possible loss of data
D:\Repos\C++\ADIP_Homeworks\HW4\HW4\hw4.cpp(492,46): warning C4305: 'argument': truncation from 'double' to 'float'
D:\Repos\C++\ADIP_Homeworks\HW4\HW4\hw4.cpp(493,50): warning C4305: 'argument': truncation from 'double' to 'float'
D:\Repos\C++\ADIP_Homeworks\HW4\HW4\hw4.cpp(494,48): warning C4305: 'argument': truncation from 'double' to 'float'
D:\Repos\C++\ADIP_Homeworks\HW4\HW4\hw4.cpp(495,46): warning C4305: 'argument': truncation from 'double' to 'float'
D:\Repos\C++\ADIP_Homeworks\HW4\HW4\hw4.cpp(496,46): warning C4305: 'argument': truncation from 'double' to 'float'
D:\Repos\C++\ADIP_Homeworks\HW4\HW4\hw4.cpp(567,68): warning C4305: 'argument': truncation from 'double' to 'float'
D:\Repos\C++\ADIP_Homeworks\HW4\HW4\hw4.cpp(645,39): warning C4305: 'argument': truncation from 'double' to 'float'
  Generating code
  2 of 345 functions ( 0.6%) were compiled, the rest were copied from previous compilation.
    0 functions were new in current compilation
    1 functions had inline decision re-evaluated but remain unchanged
  Finished generating code
  HW4.vcxproj -> D:\Repos\C++\ADIP_Homeworks\HW4\x64\Release\HW4.exe
